

Microchip MPLAB XC8 Assembler V2.31 build 20201012212115 
                                                                                               Sun May 02 20:47:47 2021

Microchip MPLAB XC8 C Compiler v2.31 (Free license) build 20201012212115 Og1 
     1                           	processor	16F887
     2                           	pagewidth 120
     3                           	opt	flic
     4                           	psect	cinit,global,class=CODE,merge=1,delta=2
     5                           	psect	cstackCOMMON,global,class=COMMON,space=1,delta=1,noexec
     6                           	psect	maintext,global,class=CODE,split=1,delta=2
     7                           	psect	text1,local,class=CODE,merge=1,delta=2
     8                           	psect	text2,local,class=CODE,merge=1,delta=2
     9                           	psect	intentry,global,class=CODE,delta=2
    10                           	psect	config,global,abs,ovrld,class=CONFIG,space=4,delta=2,noexec
    11                           	dabs	1,0x7E,2
    12  0000                     
    13                           ; Version 2.20
    14                           ; Generated 12/02/2020 GMT
    15                           ; 
    16                           ; Copyright © 2020, Microchip Technology Inc. and its subsidiaries ("Microchip")
    17                           ; All rights reserved.
    18                           ; 
    19                           ; This software is developed by Microchip Technology Inc. and its subsidiaries ("Microch
      +                          ip").
    20                           ; 
    21                           ; Redistribution and use in source and binary forms, with or without modification, are
    22                           ; permitted provided that the following conditions are met:
    23                           ; 
    24                           ;     1. Redistributions of source code must retain the above copyright notice, this lis
      +                          t of
    25                           ;        conditions and the following disclaimer.
    26                           ; 
    27                           ;     2. Redistributions in binary form must reproduce the above copyright notice, this 
      +                          list
    28                           ;        of conditions and the following disclaimer in the documentation and/or other
    29                           ;        materials provided with the distribution.
    30                           ; 
    31                           ;     3. Microchip's name may not be used to endorse or promote products derived from th
      +                          is
    32                           ;        software without specific prior written permission.
    33                           ; 
    34                           ; THIS SOFTWARE IS PROVIDED BY MICROCHIP "AS IS" AND ANY EXPRESS OR IMPLIED WARRANTIES,
    35                           ; INCLUDING, BUT NOT LIMITED TO, THE IMPLIED WARRANTIES OF MERCHANTABILITY AND FITNESS F
      +                          OR
    36                           ; PURPOSE ARE DISCLAIMED.  IN NO EVENT SHALL MICROCHIP BE LIABLE FOR ANY DIRECT, INDIREC
      +                          T,
    37                           ; INCIDENTAL, SPECIAL, EXEMPLARY, OR CONSEQUENTIAL DAMAGES (INCLUDING BUT NOT LIMITED TO
    38                           ; PROCUREMENT OF SUBSTITUTE GOODS OR SERVICES; LOSS OF USE, DATA OR PROFITS; OR BUSINESS
    39                           ; INTERRUPTION) HOWSOEVER CAUSED AND ON ANY THEORY OF LIABILITY, WHETHER IN CONTRACT, ST
      +                          RICT
    40                           ; LIABILITY, OR TORT (INCLUDING NEGLIGENCE OR OTHERWISE) ARISING IN ANY WAY OUT OF THE U
      +                          SE OF
    41                           ; THIS SOFTWARE, EVEN IF ADVISED OF THE POSSIBILITY OF SUCH DAMAGE.
    42                           ; 
    43                           ; 
    44                           ; Code-generator required, PIC16F887 Definitions
    45                           ; 
    46                           ; SFR Addresses
    47  0000                     	;# 
    48  0001                     	;# 
    49  0002                     	;# 
    50  0003                     	;# 
    51  0004                     	;# 
    52  0005                     	;# 
    53  0006                     	;# 
    54  0007                     	;# 
    55  0008                     	;# 
    56  0009                     	;# 
    57  000A                     	;# 
    58  000B                     	;# 
    59  000C                     	;# 
    60  000D                     	;# 
    61  000E                     	;# 
    62  000E                     	;# 
    63  000F                     	;# 
    64  0010                     	;# 
    65  0011                     	;# 
    66  0012                     	;# 
    67  0013                     	;# 
    68  0014                     	;# 
    69  0015                     	;# 
    70  0015                     	;# 
    71  0016                     	;# 
    72  0017                     	;# 
    73  0018                     	;# 
    74  0019                     	;# 
    75  001A                     	;# 
    76  001B                     	;# 
    77  001B                     	;# 
    78  001C                     	;# 
    79  001D                     	;# 
    80  001E                     	;# 
    81  001F                     	;# 
    82  0081                     	;# 
    83  0085                     	;# 
    84  0086                     	;# 
    85  0087                     	;# 
    86  0088                     	;# 
    87  0089                     	;# 
    88  008C                     	;# 
    89  008D                     	;# 
    90  008E                     	;# 
    91  008F                     	;# 
    92  0090                     	;# 
    93  0091                     	;# 
    94  0092                     	;# 
    95  0093                     	;# 
    96  0093                     	;# 
    97  0093                     	;# 
    98  0094                     	;# 
    99  0095                     	;# 
   100  0096                     	;# 
   101  0097                     	;# 
   102  0098                     	;# 
   103  0099                     	;# 
   104  009A                     	;# 
   105  009B                     	;# 
   106  009C                     	;# 
   107  009D                     	;# 
   108  009E                     	;# 
   109  009F                     	;# 
   110  0105                     	;# 
   111  0107                     	;# 
   112  0108                     	;# 
   113  0109                     	;# 
   114  010C                     	;# 
   115  010C                     	;# 
   116  010D                     	;# 
   117  010E                     	;# 
   118  010F                     	;# 
   119  0185                     	;# 
   120  0187                     	;# 
   121  0188                     	;# 
   122  0189                     	;# 
   123  018C                     	;# 
   124  018D                     	;# 
   125  0000                     	;# 
   126  0001                     	;# 
   127  0002                     	;# 
   128  0003                     	;# 
   129  0004                     	;# 
   130  0005                     	;# 
   131  0006                     	;# 
   132  0007                     	;# 
   133  0008                     	;# 
   134  0009                     	;# 
   135  000A                     	;# 
   136  000B                     	;# 
   137  000C                     	;# 
   138  000D                     	;# 
   139  000E                     	;# 
   140  000E                     	;# 
   141  000F                     	;# 
   142  0010                     	;# 
   143  0011                     	;# 
   144  0012                     	;# 
   145  0013                     	;# 
   146  0014                     	;# 
   147  0015                     	;# 
   148  0015                     	;# 
   149  0016                     	;# 
   150  0017                     	;# 
   151  0018                     	;# 
   152  0019                     	;# 
   153  001A                     	;# 
   154  001B                     	;# 
   155  001B                     	;# 
   156  001C                     	;# 
   157  001D                     	;# 
   158  001E                     	;# 
   159  001F                     	;# 
   160  0081                     	;# 
   161  0085                     	;# 
   162  0086                     	;# 
   163  0087                     	;# 
   164  0088                     	;# 
   165  0089                     	;# 
   166  008C                     	;# 
   167  008D                     	;# 
   168  008E                     	;# 
   169  008F                     	;# 
   170  0090                     	;# 
   171  0091                     	;# 
   172  0092                     	;# 
   173  0093                     	;# 
   174  0093                     	;# 
   175  0093                     	;# 
   176  0094                     	;# 
   177  0095                     	;# 
   178  0096                     	;# 
   179  0097                     	;# 
   180  0098                     	;# 
   181  0099                     	;# 
   182  009A                     	;# 
   183  009B                     	;# 
   184  009C                     	;# 
   185  009D                     	;# 
   186  009E                     	;# 
   187  009F                     	;# 
   188  0105                     	;# 
   189  0107                     	;# 
   190  0108                     	;# 
   191  0109                     	;# 
   192  010C                     	;# 
   193  010C                     	;# 
   194  010D                     	;# 
   195  010E                     	;# 
   196  010F                     	;# 
   197  0185                     	;# 
   198  0187                     	;# 
   199  0188                     	;# 
   200  0189                     	;# 
   201  018C                     	;# 
   202  018D                     	;# 
   203  000B                     _INTCONbits	set	11
   204  0012                     _T2CONbits	set	18
   205  001D                     _CCP2CONbits	set	29
   206  0017                     _CCP1CONbits	set	23
   207  0007                     _PORTC	set	7
   208  0005                     _PORTA	set	5
   209  001B                     _CCPR2L	set	27
   210  001E                     _ADRESH	set	30
   211  0015                     _CCPR1L	set	21
   212  001F                     _ADCON0bits	set	31
   213  000C                     _PIR1bits	set	12
   214  008C                     _PIE1bits	set	140
   215  0092                     _PR2	set	146
   216  0087                     _TRISCbits	set	135
   217  009F                     _ADCON1bits	set	159
   218  008F                     _OSCCONbits	set	143
   219  0085                     _TRISAbits	set	133
   220  0189                     _ANSELH	set	393
   221  0188                     _ANSEL	set	392
   222                           
   223                           	psect	cinit
   224  000F                     start_initialization:	
   225                           ; #config settings
   226                           
   227  000F                     __initialization:
   228  000F                     end_of_initialization:	
   229                           ;End of C runtime variable initialization code
   230                           
   231  000F                     __end_of__initialization:
   232  000F  0183               	clrf	3
   233  0010  120A  118A  285F   	ljmp	_main	;jump to C main() function
   234                           
   235                           	psect	cstackCOMMON
   236  0070                     __pcstackCOMMON:
   237  0070                     ?_setup:
   238  0070                     ?_isr:	
   239                           ; 1 bytes @ 0x0
   240                           
   241  0070                     ??_isr:	
   242                           ; 1 bytes @ 0x0
   243                           
   244  0070                     ?_main:	
   245                           ; 1 bytes @ 0x0
   246                           
   247                           
   248                           ; 1 bytes @ 0x0
   249  0070                     	ds	3
   250  0073                     ??_setup:
   251                           
   252                           ; 1 bytes @ 0x3
   253  0073                     	ds	1
   254  0074                     ??_main:
   255                           
   256                           ; 1 bytes @ 0x4
   257  0074                     	ds	1
   258                           
   259                           	psect	maintext
   260  005F                     __pmaintext:	
   261 ;;
   262 ;;Main: autosize = 0, tempsize = 1, incstack = 0, save=0
   263 ;;
   264 ;; *************** function _main *****************
   265 ;; Defined at:
   266 ;;		line 53 in file "Lab9.c"
   267 ;; Parameters:    Size  Location     Type
   268 ;;		None
   269 ;; Auto vars:     Size  Location     Type
   270 ;;		None
   271 ;; Return value:  Size  Location     Type
   272 ;;                  1    wreg      void 
   273 ;; Registers used:
   274 ;;		wreg, status,2, status,0, pclath, cstack
   275 ;; Tracked objects:
   276 ;;		On entry : B00/0
   277 ;;		On exit  : 0/0
   278 ;;		Unchanged: 0/0
   279 ;; Data sizes:     COMMON   BANK0   BANK1   BANK3   BANK2
   280 ;;      Params:         0       0       0       0       0
   281 ;;      Locals:         0       0       0       0       0
   282 ;;      Temps:          1       0       0       0       0
   283 ;;      Totals:         1       0       0       0       0
   284 ;;Total ram usage:        1 bytes
   285 ;; Hardware stack levels required when called:    2
   286 ;; This function calls:
   287 ;;		_setup
   288 ;; This function is called by:
   289 ;;		Startup code after reset
   290 ;; This function uses a non-reentrant model
   291 ;;
   292                           
   293                           
   294                           ;psect for function _main
   295  005F                     _main:
   296  005F                     l729:	
   297                           ;incstack = 0
   298                           ; Regs used in _main: [wreg+status,2+status,0+pclath+cstack]
   299                           
   300                           
   301                           ;Lab9.c: 55:     setup();
   302  005F  120A  118A  2013  120A  118A  	fcall	_setup
   303  0064                     l731:
   304                           
   305                           ;Lab9.c: 58:     {;Lab9.c: 59:         if(ADCON0bits.GO == 0)
   306  0064  1283               	bcf	3,5	;RP0=0, select bank0
   307  0065  1303               	bcf	3,6	;RP1=0, select bank0
   308  0066  189F               	btfsc	31,1	;volatile
   309  0067  2869               	goto	u41
   310  0068  286A               	goto	u40
   311  0069                     u41:
   312  0069  2864               	goto	l731
   313  006A                     u40:
   314  006A                     l733:
   315                           
   316                           ;Lab9.c: 60:         {;Lab9.c: 61:             if (ADCON0bits.CHS == 1)
   317  006A  0C1F               	rrf	31,w	;volatile
   318  006B  00F4               	movwf	??_main
   319  006C  0C74               	rrf	??_main,w
   320  006D  390F               	andlw	15
   321  006E  3A01               	xorlw	1
   322  006F  1D03               	skipz
   323  0070  2872               	goto	u51
   324  0071  2873               	goto	u50
   325  0072                     u51:
   326  0072  2876               	goto	l737
   327  0073                     u50:
   328  0073                     l735:
   329                           
   330                           ;Lab9.c: 62:             {;Lab9.c: 63:                 ADCON0bits.CHS = 0;
   331  0073  30C3               	movlw	-61
   332  0074  059F               	andwf	31,f	;volatile
   333                           
   334                           ;Lab9.c: 64:             }
   335  0075  287A               	goto	l739
   336  0076                     l737:
   337                           
   338                           ;Lab9.c: 67:             {;Lab9.c: 68:                 ADCON0bits.CHS = 1;
   339  0076  081F               	movf	31,w	;volatile
   340  0077  39C3               	andlw	-61
   341  0078  3804               	iorlw	4
   342  0079  009F               	movwf	31	;volatile
   343  007A                     l739:
   344                           
   345                           ;Lab9.c: 70:             _delay((unsigned long)((100)*(8000000/4000000.0)));
   346  007A  3042               	movlw	66
   347  007B  00F4               	movwf	??_main
   348  007C                     u67:
   349  007C  0BF4               	decfsz	??_main,f
   350  007D  287C               	goto	u67
   351  007E  0000               	nop
   352  007F                     l741:
   353                           
   354                           ;Lab9.c: 71:             ADCON0bits.GO = 1;
   355  007F  1283               	bcf	3,5	;RP0=0, select bank0
   356  0080  1303               	bcf	3,6	;RP1=0, select bank0
   357  0081  149F               	bsf	31,1	;volatile
   358  0082  2864               	goto	l731
   359  0083  120A  118A  280C   	ljmp	start
   360  0086                     __end_of_main:
   361                           
   362                           	psect	text1
   363  0013                     __ptext1:	
   364 ;; *************** function _setup *****************
   365 ;; Defined at:
   366 ;;		line 77 in file "Lab9.c"
   367 ;; Parameters:    Size  Location     Type
   368 ;;		None
   369 ;; Auto vars:     Size  Location     Type
   370 ;;		None
   371 ;; Return value:  Size  Location     Type
   372 ;;                  1    wreg      void 
   373 ;; Registers used:
   374 ;;		wreg, status,2, status,0
   375 ;; Tracked objects:
   376 ;;		On entry : 0/0
   377 ;;		On exit  : 0/0
   378 ;;		Unchanged: 0/0
   379 ;; Data sizes:     COMMON   BANK0   BANK1   BANK3   BANK2
   380 ;;      Params:         0       0       0       0       0
   381 ;;      Locals:         0       0       0       0       0
   382 ;;      Temps:          1       0       0       0       0
   383 ;;      Totals:         1       0       0       0       0
   384 ;;Total ram usage:        1 bytes
   385 ;; Hardware stack levels used:    1
   386 ;; Hardware stack levels required when called:    1
   387 ;; This function calls:
   388 ;;		Nothing
   389 ;; This function is called by:
   390 ;;		_main
   391 ;; This function uses a non-reentrant model
   392 ;;
   393                           
   394                           
   395                           ;psect for function _setup
   396  0013                     _setup:
   397  0013                     l659:	
   398                           ;incstack = 0
   399                           ; Regs used in _setup: [wreg+status,2+status,0]
   400                           
   401                           
   402                           ;Lab9.c: 80:     ANSEL = 0b00000011;
   403  0013  3003               	movlw	3
   404  0014  1683               	bsf	3,5	;RP0=1, select bank3
   405  0015  1703               	bsf	3,6	;RP1=1, select bank3
   406  0016  0088               	movwf	8	;volatile
   407  0017                     l661:
   408                           
   409                           ;Lab9.c: 81:     ANSELH = 0;
   410  0017  0189               	clrf	9	;volatile
   411  0018                     l663:
   412                           
   413                           ;Lab9.c: 83:     TRISAbits.TRISA0 = 1;
   414  0018  1683               	bsf	3,5	;RP0=1, select bank1
   415  0019  1303               	bcf	3,6	;RP1=0, select bank1
   416  001A  1405               	bsf	5,0	;volatile
   417  001B                     l665:
   418                           
   419                           ;Lab9.c: 84:     TRISAbits.TRISA1 = 1;
   420  001B  1485               	bsf	5,1	;volatile
   421  001C                     l667:
   422                           
   423                           ;Lab9.c: 87:     PORTA = 0x00;
   424  001C  1283               	bcf	3,5	;RP0=0, select bank0
   425  001D  1303               	bcf	3,6	;RP1=0, select bank0
   426  001E  0185               	clrf	5	;volatile
   427  001F                     l669:
   428                           
   429                           ;Lab9.c: 88:     PORTC = 0x00;
   430  001F  0187               	clrf	7	;volatile
   431  0020                     l671:
   432                           
   433                           ;Lab9.c: 91:     OSCCONbits.IRCF = 0b0111;
   434  0020  3070               	movlw	112
   435  0021  1683               	bsf	3,5	;RP0=1, select bank1
   436  0022  1303               	bcf	3,6	;RP1=0, select bank1
   437  0023  048F               	iorwf	15,f	;volatile
   438  0024                     l673:
   439                           
   440                           ;Lab9.c: 92:     OSCCONbits.SCS = 1;
   441  0024  140F               	bsf	15,0	;volatile
   442  0025                     l675:
   443                           
   444                           ;Lab9.c: 95:     ADCON1bits.ADFM = 0;
   445  0025  139F               	bcf	31,7	;volatile
   446  0026                     l677:
   447                           
   448                           ;Lab9.c: 96:     ADCON1bits.VCFG0 = 0;
   449  0026  121F               	bcf	31,4	;volatile
   450  0027                     l679:
   451                           
   452                           ;Lab9.c: 97:     ADCON1bits.VCFG1 = 0;
   453  0027  129F               	bcf	31,5	;volatile
   454  0028                     l681:
   455                           
   456                           ;Lab9.c: 100:     ADCON0bits.ADCS0 = 1;
   457  0028  1283               	bcf	3,5	;RP0=0, select bank0
   458  0029  1303               	bcf	3,6	;RP1=0, select bank0
   459  002A  171F               	bsf	31,6	;volatile
   460  002B                     l683:
   461                           
   462                           ;Lab9.c: 101:     ADCON0bits.ADCS1 = 0;
   463  002B  139F               	bcf	31,7	;volatile
   464  002C                     l685:
   465                           
   466                           ;Lab9.c: 102:     ADCON0bits.CHS = 0;
   467  002C  30C3               	movlw	-61
   468  002D  059F               	andwf	31,f	;volatile
   469  002E                     l687:
   470                           
   471                           ;Lab9.c: 103:     ADCON0bits.ADON = 1;
   472  002E  141F               	bsf	31,0	;volatile
   473  002F                     l689:
   474                           
   475                           ;Lab9.c: 104:     _delay((unsigned long)((50)*(8000000/4000000.0)));
   476  002F  3021               	movlw	33
   477  0030  00F3               	movwf	??_setup
   478  0031                     u77:
   479  0031  0BF3               	decfsz	??_setup,f
   480  0032  2831               	goto	u77
   481  0033                     l691:
   482                           
   483                           ;Lab9.c: 109:     TRISCbits.TRISC2 = 1;
   484  0033  1683               	bsf	3,5	;RP0=1, select bank1
   485  0034  1303               	bcf	3,6	;RP1=0, select bank1
   486  0035  1507               	bsf	7,2	;volatile
   487  0036                     l693:
   488                           
   489                           ;Lab9.c: 110:     TRISCbits.TRISC1 = 1;
   490  0036  1487               	bsf	7,1	;volatile
   491  0037                     l695:
   492                           
   493                           ;Lab9.c: 113:     PR2 = 250;
   494  0037  30FA               	movlw	250
   495  0038  0092               	movwf	18	;volatile
   496  0039                     l697:
   497                           
   498                           ;Lab9.c: 114:     CCP1CONbits.P1M = 0;
   499  0039  303F               	movlw	-193
   500  003A  1283               	bcf	3,5	;RP0=0, select bank0
   501  003B  1303               	bcf	3,6	;RP1=0, select bank0
   502  003C  0597               	andwf	23,f	;volatile
   503  003D                     l699:
   504                           
   505                           ;Lab9.c: 115:     CCP1CONbits.CCP1M = 0b1100;
   506  003D  0817               	movf	23,w	;volatile
   507  003E  39F0               	andlw	-16
   508  003F  380C               	iorlw	12
   509  0040  0097               	movwf	23	;volatile
   510  0041                     l701:
   511                           
   512                           ;Lab9.c: 116:     CCP2CONbits.CCP2M = 0b1100;
   513  0041  081D               	movf	29,w	;volatile
   514  0042  39F0               	andlw	-16
   515  0043  380C               	iorlw	12
   516  0044  009D               	movwf	29	;volatile
   517  0045                     l703:
   518                           
   519                           ;Lab9.c: 117:     CCP2CONbits.DC2B0 = 0;
   520  0045  121D               	bcf	29,4	;volatile
   521  0046                     l705:
   522                           
   523                           ;Lab9.c: 118:     CCP2CONbits.DC2B1 = 0;
   524  0046  129D               	bcf	29,5	;volatile
   525  0047                     l707:
   526                           
   527                           ;Lab9.c: 120:     CCPR1L = 0x0f;
   528  0047  300F               	movlw	15
   529  0048  0095               	movwf	21	;volatile
   530  0049                     l709:
   531                           
   532                           ;Lab9.c: 121:     CCP1CONbits.DC1B = 0;
   533  0049  30CF               	movlw	-49
   534  004A  0597               	andwf	23,f	;volatile
   535  004B                     l711:
   536                           
   537                           ;Lab9.c: 122:     CCPR2L = 0x0f;
   538  004B  300F               	movlw	15
   539  004C  009B               	movwf	27	;volatile
   540  004D                     l713:
   541                           
   542                           ;Lab9.c: 125:     PIR1bits.TMR2IF = 0;
   543  004D  108C               	bcf	12,1	;volatile
   544  004E                     l715:
   545                           
   546                           ;Lab9.c: 126:     T2CONbits.T2CKPS = 0b11;
   547  004E  3003               	movlw	3
   548  004F  0492               	iorwf	18,f	;volatile
   549  0050                     l717:
   550                           
   551                           ;Lab9.c: 127:     T2CONbits.TMR2ON = 1;
   552  0050  1512               	bsf	18,2	;volatile
   553  0051                     l64:	
   554                           ;Lab9.c: 129:     while(PIR1bits.TMR2IF == 0);
   555                           
   556  0051  1C8C               	btfss	12,1	;volatile
   557  0052  2854               	goto	u11
   558  0053  2855               	goto	u10
   559  0054                     u11:
   560  0054  2851               	goto	l64
   561  0055                     u10:
   562  0055                     l66:
   563                           
   564                           ;Lab9.c: 130:     PIR1bits.TMR2IF = 0;
   565  0055  108C               	bcf	12,1	;volatile
   566                           
   567                           ;Lab9.c: 134:     PIR1bits.ADIF = 0;
   568  0056  130C               	bcf	12,6	;volatile
   569                           
   570                           ;Lab9.c: 135:     PIE1bits.ADIE = 1;
   571  0057  1683               	bsf	3,5	;RP0=1, select bank1
   572  0058  1303               	bcf	3,6	;RP1=0, select bank1
   573  0059  170C               	bsf	12,6	;volatile
   574                           
   575                           ;Lab9.c: 136:     INTCONbits.PEIE = 1;
   576  005A  170B               	bsf	11,6	;volatile
   577                           
   578                           ;Lab9.c: 137:     INTCONbits.GIE = 1;
   579  005B  178B               	bsf	11,7	;volatile
   580                           
   581                           ;Lab9.c: 140:     TRISCbits.TRISC1 = 0;
   582  005C  1087               	bcf	7,1	;volatile
   583                           
   584                           ;Lab9.c: 141:     TRISCbits.TRISC2 = 0;
   585  005D  1107               	bcf	7,2	;volatile
   586  005E                     l67:
   587  005E  0008               	return
   588  005F                     __end_of_setup:
   589                           
   590                           	psect	text2
   591  0086                     __ptext2:	
   592 ;; *************** function _isr *****************
   593 ;; Defined at:
   594 ;;		line 35 in file "Lab9.c"
   595 ;; Parameters:    Size  Location     Type
   596 ;;		None
   597 ;; Auto vars:     Size  Location     Type
   598 ;;		None
   599 ;; Return value:  Size  Location     Type
   600 ;;                  1    wreg      void 
   601 ;; Registers used:
   602 ;;		wreg, status,2, status,0
   603 ;; Tracked objects:
   604 ;;		On entry : 0/0
   605 ;;		On exit  : 0/0
   606 ;;		Unchanged: 0/0
   607 ;; Data sizes:     COMMON   BANK0   BANK1   BANK3   BANK2
   608 ;;      Params:         0       0       0       0       0
   609 ;;      Locals:         0       0       0       0       0
   610 ;;      Temps:          3       0       0       0       0
   611 ;;      Totals:         3       0       0       0       0
   612 ;;Total ram usage:        3 bytes
   613 ;; Hardware stack levels used:    1
   614 ;; This function calls:
   615 ;;		Nothing
   616 ;; This function is called by:
   617 ;;		Interrupt level 1
   618 ;; This function uses a non-reentrant model
   619 ;;
   620                           
   621                           
   622                           ;psect for function _isr
   623  0086                     _isr:
   624  0086                     i1l719:
   625                           
   626                           ;Lab9.c: 39:     if(PIR1bits.ADIF == 1)
   627  0086  1283               	bcf	3,5	;RP0=0, select bank0
   628  0087  1303               	bcf	3,6	;RP1=0, select bank0
   629  0088  1F0C               	btfss	12,6	;volatile
   630  0089  288B               	goto	u2_21
   631  008A  288C               	goto	u2_20
   632  008B                     u2_21:
   633  008B  28A3               	goto	i1l50
   634  008C                     u2_20:
   635  008C                     i1l721:
   636                           
   637                           ;Lab9.c: 40:     {;Lab9.c: 42:     if(ADCON0bits.CHS == 0)
   638  008C  0C1F               	rrf	31,w	;volatile
   639  008D  00F0               	movwf	??_isr
   640  008E  0C70               	rrf	??_isr,w
   641  008F  390F               	andlw	15
   642  0090  3A00               	xorlw	0
   643  0091  1D03               	skipz
   644  0092  2894               	goto	u3_21
   645  0093  2895               	goto	u3_20
   646  0094                     u3_21:
   647  0094  289C               	goto	i1l725
   648  0095                     u3_20:
   649  0095                     i1l723:
   650                           
   651                           ;Lab9.c: 43:     {;Lab9.c: 44:         CCPR1L = (ADRESH>>1) + 124;
   652  0095  081E               	movf	30,w	;volatile
   653  0096  00F0               	movwf	??_isr
   654  0097  1003               	clrc
   655  0098  0C70               	rrf	??_isr,w
   656  0099  3E7C               	addlw	124
   657  009A  0095               	movwf	21	;volatile
   658                           
   659                           ;Lab9.c: 45:     }
   660  009B  28A2               	goto	i1l727
   661  009C                     i1l725:
   662                           
   663                           ;Lab9.c: 47:     {;Lab9.c: 48:         CCPR2L = (ADRESH>>1)+124;
   664  009C  081E               	movf	30,w	;volatile
   665  009D  00F0               	movwf	??_isr
   666  009E  1003               	clrc
   667  009F  0C70               	rrf	??_isr,w
   668  00A0  3E7C               	addlw	124
   669  00A1  009B               	movwf	27	;volatile
   670  00A2                     i1l727:
   671                           
   672                           ;Lab9.c: 50:     PIR1bits.ADIF = 0;
   673  00A2  130C               	bcf	12,6	;volatile
   674  00A3                     i1l50:
   675  00A3  0872               	movf	??_isr+2,w
   676  00A4  008A               	movwf	10
   677  00A5  0E71               	swapf	??_isr+1,w
   678  00A6  0083               	movwf	3
   679  00A7  0EFE               	swapf	btemp,f
   680  00A8  0E7E               	swapf	btemp,w
   681  00A9  0009               	retfie
   682  00AA                     __end_of_isr:
   683  007E                     btemp	set	126	;btemp
   684  007E                     wtemp0	set	126
   685                           
   686                           	psect	intentry
   687  0004                     __pintentry:	
   688                           ;incstack = 0
   689                           ; Regs used in _isr: [wreg+status,2+status,0]
   690                           
   691  0004                     interrupt_function:
   692  007E                     saved_w	set	btemp
   693  0004  00FE               	movwf	btemp
   694  0005  0E03               	swapf	3,w
   695  0006  00F1               	movwf	??_isr+1
   696  0007  080A               	movf	10,w
   697  0008  00F2               	movwf	??_isr+2
   698  0009  120A  118A  2886   	ljmp	_isr
   699                           
   700                           	psect	config
   701                           
   702                           ;Config register CONFIG1 @ 0x2007
   703                           ;	Oscillator Selection bits
   704                           ;	FOSC = INTRC_NOCLKOUT, INTOSCIO oscillator: I/O function on RA6/OSC2/CLKOUT pin, I/O f
      +                          unction on RA7/OSC1/CLKIN
   705                           ;	Watchdog Timer Enable bit
   706                           ;	WDTE = OFF, WDT disabled and can be enabled by SWDTEN bit of the WDTCON register
   707                           ;	Power-up Timer Enable bit
   708                           ;	PWRTE = OFF, PWRT disabled
   709                           ;	RE3/MCLR pin function select bit
   710                           ;	MCLRE = OFF, RE3/MCLR pin function is digital input, MCLR internally tied to VDD
   711                           ;	Code Protection bit
   712                           ;	CP = OFF, Program memory code protection is disabled
   713                           ;	Data Code Protection bit
   714                           ;	CPD = OFF, Data memory code protection is disabled
   715                           ;	Brown Out Reset Selection bits
   716                           ;	BOREN = OFF, BOR disabled
   717                           ;	Internal External Switchover bit
   718                           ;	IESO = OFF, Internal/External Switchover mode is disabled
   719                           ;	Fail-Safe Clock Monitor Enabled bit
   720                           ;	FCMEN = OFF, Fail-Safe Clock Monitor is disabled
   721                           ;	Low Voltage Programming Enable bit
   722                           ;	LVP = OFF, RB3 pin has digital I/O, HV on MCLR must be used for programming
   723                           ;	In-Circuit Debugger Mode bit
   724                           ;	DEBUG = 0x1, unprogrammed default
   725  2007                     	org	8199
   726  2007  20D4               	dw	8404
   727                           
   728                           ;Config register CONFIG2 @ 0x2008
   729                           ;	Brown-out Reset Selection bit
   730                           ;	BOR4V = BOR40V, Brown-out Reset set to 4.0V
   731                           ;	Flash Program Memory Self Write Enable bits
   732                           ;	WRT = OFF, Write protection off
   733  2008                     	org	8200
   734  2008  3FFF               	dw	16383

Data Sizes:
    Strings     0
    Constant    0
    Data        0
    BSS         0
    Persistent  0
    Stack       0

Auto Spaces:
    Space          Size  Autos    Used
    COMMON           14      5       5
    BANK0            80      0       0
    BANK1            80      0       0
    BANK3            96      0       0
    BANK2            96      0       0

Pointer List with Targets:

    None.

Critical Paths under _main in COMMON

    _main->_setup

Critical Paths under _isr in COMMON

    None.

Critical Paths under _main in BANK0

    None.

Critical Paths under _isr in BANK0

    None.

Critical Paths under _main in BANK1

    None.

Critical Paths under _isr in BANK1

    None.

Critical Paths under _main in BANK3

    None.

Critical Paths under _isr in BANK3

    None.

Critical Paths under _main in BANK2

    None.

Critical Paths under _isr in BANK2

    None.

Call Graph Tables:

 ---------------------------------------------------------------------------------
 (Depth) Function   	        Calls       Base Space   Used Autos Params    Refs
 ---------------------------------------------------------------------------------
 (0) _main                                                 1     1      0       0
                                              4 COMMON     1     1      0
                              _setup
 ---------------------------------------------------------------------------------
 (1) _setup                                                1     1      0       0
                                              3 COMMON     1     1      0
 ---------------------------------------------------------------------------------
 Estimated maximum stack depth 1
 ---------------------------------------------------------------------------------
 (Depth) Function   	        Calls       Base Space   Used Autos Params    Refs
 ---------------------------------------------------------------------------------
 (2) _isr                                                  3     3      0       0
                                              0 COMMON     3     3      0
 ---------------------------------------------------------------------------------
 Estimated maximum stack depth 2
 ---------------------------------------------------------------------------------

 Call Graph Graphs:

 _main (ROOT)
   _setup

 _isr (ROOT)

 Address spaces:
Name               Size   Autos  Total    Cost      Usage
BITCOMMON            E      0       0       0        0.0%
EEDATA             100      0       0       0        0.0%
NULL                 0      0       0       0        0.0%
CODE                 0      0       0       0        0.0%
COMMON               E      5       5       1       35.7%
BITSFR0              0      0       0       1        0.0%
SFR0                 0      0       0       1        0.0%
BITSFR1              0      0       0       2        0.0%
SFR1                 0      0       0       2        0.0%
STACK                0      0       0       2        0.0%
ABS                  0      0       0       3        0.0%
BITBANK0            50      0       0       4        0.0%
BITSFR3              0      0       0       4        0.0%
SFR3                 0      0       0       4        0.0%
BANK0               50      0       0       5        0.0%
BITSFR2              0      0       0       5        0.0%
SFR2                 0      0       0       5        0.0%
BITBANK1            50      0       0       6        0.0%
BANK1               50      0       0       7        0.0%
BITBANK3            60      0       0       8        0.0%
BANK3               60      0       0       9        0.0%
BITBANK2            60      0       0      10        0.0%
BANK2               60      0       0      11        0.0%
DATA                 0      0       0      12        0.0%


Microchip Technology PIC Macro Assembler V2.31 build 20201012212115 
Symbol Table                                                                                   Sun May 02 20:47:47 2021

                     l64 0051                       l66 0055                       l67 005E  
                     u10 0055                       u11 0054                       u40 006A  
                     u41 0069                       u50 0073                       u51 0072  
                     u67 007C                       u77 0031                      l701 0041  
                    l711 004B                      l703 0045                      l713 004D  
                    l705 0046                      l715 004E                      l707 0047  
                    l731 0064                      l717 0050                      l709 0049  
                    l661 0017                      l741 007F                      l733 006A  
                    l671 0020                      l663 0018                      l735 0073  
                    l681 0028                      l673 0024                      l665 001B  
                    l737 0076                      l729 005F                      l691 0033  
                    l683 002B                      l675 0025                      l667 001C  
                    l659 0013                      l739 007A                      l693 0036  
                    l685 002C                      l677 0026                      l669 001F  
                    l695 0037                      l687 002E                      l679 0027  
                    l697 0039                      l689 002F                      l699 003D  
                    _PR2 0092                      _isr 0086                     ?_isr 0070  
                   i1l50 00A3                     u2_20 008C                     u2_21 008B  
                   u3_20 0095                     u3_21 0094                     _main 005F  
                   btemp 007E                     start 000C                    ??_isr 0070  
                  ?_main 0070                    _ANSEL 0188                    i1l721 008C  
                  i1l723 0095                    i1l725 009C                    i1l727 00A2  
                  i1l719 0086                    _PORTA 0005                    _PORTC 0007  
                  _setup 0013                    pclath 000A                    status 0003  
                  wtemp0 007E          __initialization 000F             __end_of_main 0086  
                 ??_main 0074                   _ADRESH 001E                   _CCPR1L 0015  
                 _CCPR2L 001B                   ?_setup 0070                   _ANSELH 0189  
                 saved_w 007E  __end_of__initialization 000F           __pcstackCOMMON 0070  
          __end_of_setup 005F                  ??_setup 0073               __pmaintext 005F  
             __pintentry 0004                  __ptext1 0013                  __ptext2 0086  
              _T2CONbits 0012             __size_of_isr 0024     end_of_initialization 000F  
              _TRISAbits 0085                _TRISCbits 0087              _CCP1CONbits 0017  
            _CCP2CONbits 001D      start_initialization 000F              __end_of_isr 00AA  
              ___latbits 0002           __size_of_setup 004C        interrupt_function 0004  
               _PIE1bits 008C                 _PIR1bits 000C               _ADCON0bits 001F  
             _ADCON1bits 009F            __size_of_main 0027               _INTCONbits 000B  
               intlevel1 0000               _OSCCONbits 008F  
